<?xml version="1.0" encoding="UTF-8"?>
<testsuite name="PitTest" tests="5" skipped="0" failures="0" errors="0" timestamp="2023-11-30T18:58:44" hostname="CIS2430" time="0.087">
  <properties/>
  <testcase name="testToString()" classname="PitTest" time="0.023"/>
  <testcase name="testGetStoneCount()" classname="PitTest" time="0.009"/>
  <testcase name="testAddStone()" classname="PitTest" time="0.007"/>
  <testcase name="testRemoveStones()" classname="PitTest" time="0.006"/>
  <testcase name="testAddStones()" classname="PitTest" time="0.01"/>
  <system-out><![CDATA[]]></system-out>
  <system-err><![CDATA[]]></system-err>
</testsuite>
